<?xml version="1.0" encoding="UTF-8"?>
<!-- Generated by org.testng.reporters.JUnitXMLReporter -->
<testsuite ignored="0" hostname="Gangadaran" failures="0" tests="3" name="Default test" time="5.096" errors="0" timestamp="2023-08-19T19:47:47 IST">
  <testcase classname="saleforce_api.GenerateToken" name="testGenerate" time="3.323"/>
  <testcase classname="saleforce_api.GenerateToken" name="creatLead" time="0.911"/>
  <testcase classname="saleforce_api.GenerateToken" name="getDetails" time="0.8"/>
</testsuite> <!-- Default test -->
