<?xml version="1.0" encoding="UTF-8"?>
<testng-results ignored="0" total="3" passed="3" failed="0" skipped="0">
  <reporter-output>
  </reporter-output>
  <suite started-at="2023-08-19T19:47:42 IST" name="Default suite" finished-at="2023-08-19T19:47:47 IST" duration-ms="5096">
    <groups>
    </groups>
    <test started-at="2023-08-19T19:47:42 IST" name="Default test" finished-at="2023-08-19T19:47:47 IST" duration-ms="5096">
      <class name="saleforce_api.GenerateToken">
        <test-method signature="testGenerate()[pri:0, instance:saleforce_api.GenerateToken@f09733f]" started-at="2023-08-19T19:47:42 IST" name="testGenerate" finished-at="2023-08-19T19:47:45 IST" duration-ms="3323" status="PASS">
          <reporter-output>
          </reporter-output>
        </test-method> <!-- testGenerate -->
        <test-method signature="creatLead()[pri:0, instance:saleforce_api.GenerateToken@f09733f]" started-at="2023-08-19T19:47:45 IST" name="creatLead" finished-at="2023-08-19T19:47:46 IST" depends-on-methods="saleforce_api.GenerateToken.testGenerate" duration-ms="911" status="PASS">
          <reporter-output>
          </reporter-output>
        </test-method> <!-- creatLead -->
        <test-method signature="getDetails()[pri:0, instance:saleforce_api.GenerateToken@f09733f]" started-at="2023-08-19T19:47:46 IST" name="getDetails" finished-at="2023-08-19T19:47:47 IST" depends-on-methods="saleforce_api.GenerateToken.creatLead" duration-ms="800" status="PASS">
          <reporter-output>
          </reporter-output>
        </test-method> <!-- getDetails -->
      </class> <!-- saleforce_api.GenerateToken -->
    </test> <!-- Default test -->
  </suite> <!-- Default suite -->
</testng-results>
